c:\users\windows 8.1\source\repos\dec_trianglesv3\dec_trianglesv3\x64\release\dec_trianglesv3.pch
c:\users\windows 8.1\source\repos\dec_trianglesv3\dec_trianglesv3\x64\release\vc141.pdb
c:\users\windows 8.1\source\repos\dec_trianglesv3\dec_trianglesv3\x64\release\stdafx.obj
c:\users\windows 8.1\source\repos\dec_trianglesv3\dec_trianglesv3\x64\release\variant_third.obj
c:\users\windows 8.1\source\repos\dec_trianglesv3\dec_trianglesv3\x64\release\variant_second.obj
c:\users\windows 8.1\source\repos\dec_trianglesv3\dec_trianglesv3\x64\release\variant_fore.obj
c:\users\windows 8.1\source\repos\dec_trianglesv3\dec_trianglesv3\x64\release\variant_first.obj
c:\users\windows 8.1\source\repos\dec_trianglesv3\dec_trianglesv3\x64\release\input.obj
c:\users\windows 8.1\source\repos\dec_trianglesv3\dec_trianglesv3\x64\release\dec_trianglesv3.obj
c:\users\windows 8.1\source\repos\dec_trianglesv3\x64\release\dec_trianglesv3.ipdb
c:\users\windows 8.1\source\repos\dec_trianglesv3\x64\release\dec_trianglesv3.iobj
c:\users\windows 8.1\source\repos\dec_trianglesv3\x64\release\dec_trianglesv3.exe
c:\users\windows 8.1\source\repos\dec_trianglesv3\x64\release\dec_trianglesv3.pdb
c:\users\windows 8.1\source\repos\dec_trianglesv3\dec_trianglesv3\x64\release\dec_trianglesv3.tlog\cl.command.1.tlog
c:\users\windows 8.1\source\repos\dec_trianglesv3\dec_trianglesv3\x64\release\dec_trianglesv3.tlog\cl.read.1.tlog
c:\users\windows 8.1\source\repos\dec_trianglesv3\dec_trianglesv3\x64\release\dec_trianglesv3.tlog\cl.write.1.tlog
c:\users\windows 8.1\source\repos\dec_trianglesv3\dec_trianglesv3\x64\release\dec_trianglesv3.tlog\dec_trianglesv3.write.1u.tlog
c:\users\windows 8.1\source\repos\dec_trianglesv3\dec_trianglesv3\x64\release\dec_trianglesv3.tlog\link.command.1.tlog
c:\users\windows 8.1\source\repos\dec_trianglesv3\dec_trianglesv3\x64\release\dec_trianglesv3.tlog\link.read.1.tlog
c:\users\windows 8.1\source\repos\dec_trianglesv3\dec_trianglesv3\x64\release\dec_trianglesv3.tlog\link.write.1.tlog
